INFO 2020-10-04 10:25:48,094 autoreload 578 Watching for file changes with StatReloader
INFO 2020-10-04 10:26:16,248 basehttp 154 "GET / HTTP/1.1" 200 16348
INFO 2020-10-04 10:26:16,272 basehttp 154 "GET /static/admin/css/fonts.css HTTP/1.1" 200 423
INFO 2020-10-04 10:26:16,293 basehttp 154 "GET /static/admin/fonts/Roboto-Regular-webfont.woff HTTP/1.1" 200 85876
INFO 2020-10-04 10:26:16,295 basehttp 154 "GET /static/admin/fonts/Roboto-Bold-webfont.woff HTTP/1.1" 200 86184
INFO 2020-10-04 10:26:16,298 basehttp 154 "GET /static/admin/fonts/Roboto-Light-webfont.woff HTTP/1.1" 200 85692
INFO 2020-10-04 10:35:28,324 autoreload 203 C:\Users\LENOVO\Desktop\Study\逻辑教育Python开发全栈\Python_Full_Stack_LogicEDU\Django_Project\Django_Ecommerce\Django_Ecommerce\dev.py changed, reloading.
INFO 2020-10-04 10:35:29,374 autoreload 578 Watching for file changes with StatReloader
INFO 2020-10-04 10:38:21,311 autoreload 203 C:\Users\LENOVO\Desktop\Study\逻辑教育Python开发全栈\Python_Full_Stack_LogicEDU\Django_Project\Django_Ecommerce\Django_Ecommerce\dev.py changed, reloading.
INFO 2020-10-04 10:38:22,333 autoreload 578 Watching for file changes with StatReloader
INFO 2020-10-04 10:38:31,654 basehttp 154 "GET / HTTP/1.1" 200 16348
INFO 2020-10-04 10:38:31,845 basehttp 154 "GET /static/admin/css/fonts.css HTTP/1.1" 200 423
WARNING 2020-10-04 10:38:31,883 log 222 Not Found: /favicon.ico
WARNING 2020-10-04 10:38:31,884 basehttp 154 "GET /favicon.ico HTTP/1.1" 404 1982
INFO 2020-10-04 10:38:31,897 basehttp 154 "GET /static/admin/fonts/Roboto-Regular-webfont.woff HTTP/1.1" 200 85876
INFO 2020-10-04 10:38:31,907 basehttp 154 "GET /static/admin/fonts/Roboto-Bold-webfont.woff HTTP/1.1" 200 86184
INFO 2020-10-04 10:38:31,923 basehttp 154 "GET /static/admin/fonts/Roboto-Light-webfont.woff HTTP/1.1" 200 85692
WARNING 2020-10-04 10:38:54,792 basehttp 154 "GET /static/iamges/adv01.jpg HTTP/1.1" 404 1672
INFO 2020-10-04 10:39:07,223 autoreload 578 Watching for file changes with StatReloader
WARNING 2020-10-04 10:39:37,273 basehttp 154 "GET /static/iamges/adv01.jpg HTTP/1.1" 404 1672
INFO 2020-10-04 10:39:52,748 basehttp 154 "GET /static/images/adv01.jpg HTTP/1.1" 200 39831
INFO 2020-10-04 10:40:01,533 basehttp 154 "GET /static/images/banner01.jpg HTTP/1.1" 200 23658
INFO 2020-10-04 10:52:20,314 autoreload 203 C:\Users\LENOVO\Desktop\Study\逻辑教育Python开发全栈\Python_Full_Stack_LogicEDU\Django_Project\Django_Ecommerce\Django_Ecommerce\urls.py changed, reloading.
INFO 2020-10-04 10:52:21,291 autoreload 578 Watching for file changes with StatReloader
INFO 2020-10-04 10:52:51,875 autoreload 203 C:\Users\LENOVO\Desktop\Study\逻辑教育Python开发全栈\Python_Full_Stack_LogicEDU\Django_Project\Django_Ecommerce\Django_Ecommerce\urls.py changed, reloading.
INFO 2020-10-04 10:52:52,939 autoreload 578 Watching for file changes with StatReloader
INFO 2020-10-04 10:53:06,993 autoreload 203 C:\Users\LENOVO\Desktop\Study\逻辑教育Python开发全栈\Python_Full_Stack_LogicEDU\Django_Project\Django_Ecommerce\Django_Ecommerce\urls.py changed, reloading.
INFO 2020-10-04 10:53:07,990 autoreload 578 Watching for file changes with StatReloader
INFO 2020-10-04 10:53:32,077 basehttp 154 "GET / HTTP/1.1" 200 38951
INFO 2020-10-04 10:53:32,261 basehttp 154 "GET /static/css/reset.css HTTP/1.1" 200 638
INFO 2020-10-04 10:53:32,265 basehttp 154 "GET /static/js/axios-0.18.0.min.js HTTP/1.1" 200 12941
INFO 2020-10-04 10:53:32,266 basehttp 154 "GET /static/css/main.css HTTP/1.1" 200 40091
INFO 2020-10-04 10:53:32,270 basehttp 154 "GET /static/js/common.js HTTP/1.1" 200 891
INFO 2020-10-04 10:53:32,273 basehttp 154 "GET /static/js/slide.js HTTP/1.1" 200 1822
INFO 2020-10-04 10:53:32,274 basehttp 154 "GET /static/js/jquery-1.12.4.min.js HTTP/1.1" 200 97163
WARNING 2020-10-04 10:53:32,278 basehttp 154 "GET /static/js/index.js HTTP/1.1" 404 1657
INFO 2020-10-04 10:53:32,279 basehttp 154 "GET /static/js/vue-2.5.16.js HTTP/1.1" 200 289307
INFO 2020-10-04 10:53:32,298 basehttp 154 "GET /static/images/1.png HTTP/1.1" 200 3555
INFO 2020-10-04 10:53:32,307 basehttp 154 "GET /static/images/goods/goods001.jpg HTTP/1.1" 200 5391
INFO 2020-10-04 10:53:32,308 basehttp 154 "GET /static/images/goods/goods002.jpg HTTP/1.1" 200 5377
INFO 2020-10-04 10:53:32,313 basehttp 154 "GET /static/images/slide01.jpg HTTP/1.1" 200 67813
INFO 2020-10-04 10:53:32,316 basehttp 154 "GET /static/images/slide02.jpg HTTP/1.1" 200 89905
INFO 2020-10-04 10:53:32,318 basehttp 154 "GET /static/images/slide03.jpg HTTP/1.1" 200 70152
INFO 2020-10-04 10:53:32,328 basehttp 154 "GET /static/images/goods/goods004.jpg HTTP/1.1" 200 6565
INFO 2020-10-04 10:53:32,331 basehttp 154 "GET /static/images/goods/goods005.jpg HTTP/1.1" 200 7578
INFO 2020-10-04 10:53:32,332 basehttp 154 "GET /static/images/goods/goods003.jpg HTTP/1.1" 200 8579
INFO 2020-10-04 10:53:32,339 basehttp 154 "GET /static/images/slide04.jpg HTTP/1.1" 200 107973
INFO 2020-10-04 10:53:32,341 basehttp 154 "GET /static/images/banner02.jpg HTTP/1.1" 200 26729
INFO 2020-10-04 10:53:32,342 basehttp 154 "GET /static/images/goods/goods008.jpg HTTP/1.1" 200 7072
INFO 2020-10-04 10:53:32,344 basehttp 154 "GET /static/images/banner03.jpg HTTP/1.1" 200 22681
INFO 2020-10-04 10:53:32,345 basehttp 154 "GET /static/images/goods/goods009.jpg HTTP/1.1" 200 8738
INFO 2020-10-04 10:53:32,384 basehttp 154 "GET /static/images/icons.png HTTP/1.1" 200 7740
WARNING 2020-10-04 10:53:32,431 basehttp 154 "GET /static/js/index.js HTTP/1.1" 404 1657
WARNING 2020-10-04 10:53:32,567 log 222 Not Found: /favicon.ico
INFO 2020-10-04 10:56:05,297 basehttp 154 "GET / HTTP/1.1" 200 38951
INFO 2020-10-04 10:56:05,406 basehttp 154 "GET /static/css/reset.css HTTP/1.1" 304 0
INFO 2020-10-04 10:56:05,417 basehttp 154 "GET /static/js/axios-0.18.0.min.js HTTP/1.1" 304 0
INFO 2020-10-04 10:56:05,417 basehttp 154 "GET /static/css/main.css HTTP/1.1" 304 0
INFO 2020-10-04 10:56:05,419 basehttp 154 "GET /static/js/vue-2.5.16.js HTTP/1.1" 304 0
INFO 2020-10-04 10:56:05,420 basehttp 154 "GET /static/js/jquery-1.12.4.min.js HTTP/1.1" 304 0
INFO 2020-10-04 10:56:05,420 basehttp 154 "GET /static/js/slide.js HTTP/1.1" 304 0
INFO 2020-10-04 10:56:05,421 basehttp 154 "GET /static/js/common.js HTTP/1.1" 304 0
WARNING 2020-10-04 10:56:05,426 basehttp 154 "GET /static/js/index.js HTTP/1.1" 404 1657
INFO 2020-10-04 10:56:05,529 basehttp 154 "GET /static/images/1.png HTTP/1.1" 304 0
INFO 2020-10-04 10:56:05,530 basehttp 154 "GET /static/images/goods/goods001.jpg HTTP/1.1" 304 0
INFO 2020-10-04 10:56:05,535 basehttp 154 "GET /static/images/slide01.jpg HTTP/1.1" 304 0
INFO 2020-10-04 10:56:05,539 basehttp 154 "GET /static/images/slide02.jpg HTTP/1.1" 304 0
INFO 2020-10-04 10:56:05,539 basehttp 154 "GET /static/images/goods/goods002.jpg HTTP/1.1" 304 0
INFO 2020-10-04 10:56:05,546 basehttp 154 "GET /static/images/slide03.jpg HTTP/1.1" 304 0
INFO 2020-10-04 10:56:05,549 basehttp 154 "GET /static/images/slide04.jpg HTTP/1.1" 304 0
INFO 2020-10-04 10:56:05,551 basehttp 154 "GET /static/images/adv01.jpg HTTP/1.1" 304 0
INFO 2020-10-04 10:56:05,563 basehttp 154 "GET /static/images/goods/goods004.jpg HTTP/1.1" 304 0
WARNING 2020-10-04 10:56:05,564 basehttp 154 "GET /static/js/index.js HTTP/1.1" 404 1657
INFO 2020-10-04 10:56:05,565 basehttp 154 "GET /static/images/goods/goods003.jpg HTTP/1.1" 304 0
INFO 2020-10-04 10:56:05,567 basehttp 154 "GET /static/images/banner02.jpg HTTP/1.1" 304 0
INFO 2020-10-04 10:56:05,569 basehttp 154 "GET /static/images/goods/goods008.jpg HTTP/1.1" 304 0
INFO 2020-10-04 10:56:05,572 basehttp 154 "GET /static/images/goods/goods005.jpg HTTP/1.1" 304 0
INFO 2020-10-04 10:56:05,579 basehttp 154 "GET /static/images/banner03.jpg HTTP/1.1" 304 0
INFO 2020-10-04 10:56:05,581 basehttp 154 "GET /static/images/goods/goods009.jpg HTTP/1.1" 304 0
INFO 2020-10-04 10:56:05,581 basehttp 154 "GET /static/images/icons.png HTTP/1.1" 304 0
INFO 2020-10-04 10:56:05,583 basehttp 154 "GET /static/images/banner01.jpg HTTP/1.1" 200 23658
INFO 2020-10-04 11:11:13,170 autoreload 203 C:\Users\LENOVO\Desktop\Study\逻辑教育Python开发全栈\Python_Full_Stack_LogicEDU\Django_Project\Django_Ecommerce\Django_Ecommerce\dev.py changed, reloading.
INFO 2020-10-04 11:11:14,401 autoreload 578 Watching for file changes with StatReloader
INFO 2020-10-04 11:15:56,082 autoreload 203 C:\Users\LENOVO\Desktop\Study\逻辑教育Python开发全栈\Python_Full_Stack_LogicEDU\Django_Project\Django_Ecommerce\Django_Ecommerce\dev.py changed, reloading.
INFO 2020-10-04 11:15:57,313 autoreload 578 Watching for file changes with StatReloader
INFO 2020-10-04 11:16:34,566 autoreload 578 Watching for file changes with StatReloader
INFO 2020-10-04 11:19:39,952 autoreload 203 C:\Users\LENOVO\Desktop\Study\逻辑教育Python开发全栈\Python_Full_Stack_LogicEDU\Django_Project\Django_Ecommerce\Django_Ecommerce\urls.py changed, reloading.
INFO 2020-10-04 11:19:41,204 autoreload 578 Watching for file changes with StatReloader
INFO 2020-10-04 11:23:06,826 autoreload 578 Watching for file changes with StatReloader
INFO 2020-10-04 11:23:26,223 autoreload 203 C:\Users\LENOVO\Desktop\Study\逻辑教育Python开发全栈\Python_Full_Stack_LogicEDU\Django_Project\Django_Ecommerce\apps\users\urls.py changed, reloading.
INFO 2020-10-04 11:23:27,427 autoreload 578 Watching for file changes with StatReloader
INFO 2020-10-04 11:26:08,400 autoreload 578 Watching for file changes with StatReloader
WARNING 2020-10-04 11:30:49,190 log 222 Not Found: /urls/register
WARNING 2020-10-04 11:30:49,191 basehttp 154 "GET /urls/register HTTP/1.1" 404 2094
WARNING 2020-10-04 11:30:49,530 log 222 Not Found: /favicon.ico
INFO 2020-10-04 11:30:56,660 basehttp 154 "GET /users/register HTTP/1.1" 301 0
INFO 2020-10-04 11:30:56,712 basehttp 154 "GET /users/register/ HTTP/1.1" 200 2975
INFO 2020-10-04 11:30:56,856 basehttp 154 "GET /static/images/pic_code.jpg HTTP/1.1" 200 4507
INFO 2020-10-04 11:30:56,902 basehttp 154 "GET /static/images/interval_line.png HTTP/1.1" 200 1123
INFO 2020-10-04 11:30:56,905 basehttp 154 "GET /static/images/icons02.png HTTP/1.1" 200 3935
INFO 2020-10-04 11:30:56,907 basehttp 154 "GET /static/images/register_banner.png HTTP/1.1" 200 54894
INFO 2020-10-04 15:08:16,067 autoreload 203 C:\Users\LENOVO\Desktop\Study\逻辑教育Python开发全栈\Python_Full_Stack_LogicEDU\Django_Project\Django_Ecommerce\apps\users\models.py changed, reloading.
INFO 2020-10-04 15:08:17,259 autoreload 578 Watching for file changes with StatReloader
INFO 2020-10-04 15:08:29,347 autoreload 203 C:\Users\LENOVO\Desktop\Study\逻辑教育Python开发全栈\Python_Full_Stack_LogicEDU\Django_Project\Django_Ecommerce\apps\users\models.py changed, reloading.
INFO 2020-10-04 15:08:30,198 autoreload 578 Watching for file changes with StatReloader
INFO 2020-10-04 15:31:03,197 autoreload 578 Watching for file changes with StatReloader
INFO 2020-10-04 15:35:46,649 autoreload 203 C:\Users\LENOVO\Desktop\Study\逻辑教育Python开发全栈\Python_Full_Stack_LogicEDU\Django_Project\Django_Ecommerce\Django_Ecommerce\dev.py changed, reloading.
INFO 2020-10-04 15:35:47,602 autoreload 578 Watching for file changes with StatReloader
